app/build/intermediates/manifest_merge_blame_file/debug/manifest-merger-blame-debug-report.txt
1<?xml version="1.0" encoding="utf-8"?>
2<manifest xmlns:android="http://schemas.android.com/apk/res/android"
3    package="com.shj.mystudy"
4    android:versionCode="1"
5    android:versionName="1.0" >
6
7    <uses-sdk
8        android:minSdkVersion="19"
8-->src/main/AndroidManifest.xml
9        android:targetSdkVersion="30" />
9-->src/main/AndroidManifest.xml
10
11    <application
11-->src/main/AndroidManifest.xml:5:5-50:19
12        android:allowBackup="true"
12-->src/main/AndroidManifest.xml:6:9-35
13        android:appComponentFactory="androidx.core.app.CoreComponentFactory"
13-->[androidx.core:core:1.3.2] AndroidManifest.xml:24:18-86
14        android:debuggable="true"
15        android:icon="@mipmap/ic_launcher"
15-->src/main/AndroidManifest.xml:7:9-43
16        android:label="@string/app_name"
16-->src/main/AndroidManifest.xml:8:9-41
17        android:roundIcon="@mipmap/ic_launcher_round"
17-->src/main/AndroidManifest.xml:9:9-54
18        android:supportsRtl="true"
18-->src/main/AndroidManifest.xml:10:9-35
19        android:theme="@style/AppTheme" >
19-->src/main/AndroidManifest.xml:11:9-40
20        <activity android:name="com.shj.mystudy.ui.ChangeColorActivity" />
20-->src/main/AndroidManifest.xml:12:9-69
20-->src/main/AndroidManifest.xml:12:19-57
21        <activity android:name="com.shj.mystudy.ui.touchEvent.ViewTouchEventActivity" />
21-->src/main/AndroidManifest.xml:13:9-74
21-->src/main/AndroidManifest.xml:13:19-71
22        <activity android:name="com.shj.mystudy.ui.touchEvent.ViewGroupTouchEventActivity" />
22-->src/main/AndroidManifest.xml:14:9-79
22-->src/main/AndroidManifest.xml:14:19-76
23        <activity android:name="com.shj.mystudy.ui.IdleHandlerActivity" />
23-->src/main/AndroidManifest.xml:15:9-60
23-->src/main/AndroidManifest.xml:15:19-57
24        <activity android:name="com.shj.mystudy.ui.HandlerActivity" />
24-->src/main/AndroidManifest.xml:16:9-56
24-->src/main/AndroidManifest.xml:16:19-53
25        <activity android:name="com.shj.mystudy.ui.AsyncLayoutInflaterActivity" />
25-->src/main/AndroidManifest.xml:17:9-68
25-->src/main/AndroidManifest.xml:17:19-65
26        <activity android:name="com.shj.mystudy.ui.ThreadActivity" />
26-->src/main/AndroidManifest.xml:18:9-55
26-->src/main/AndroidManifest.xml:18:19-52
27        <activity android:name="com.shj.mystudy.ui.MainActivity" >
27-->src/main/AndroidManifest.xml:19:9-25:20
27-->src/main/AndroidManifest.xml:19:19-50
28            <intent-filter>
28-->src/main/AndroidManifest.xml:20:13-24:29
29                <action android:name="android.intent.action.MAIN" />
29-->src/main/AndroidManifest.xml:21:17-69
29-->src/main/AndroidManifest.xml:21:25-66
30
31                <category android:name="android.intent.category.LAUNCHER" />
31-->src/main/AndroidManifest.xml:23:17-77
31-->src/main/AndroidManifest.xml:23:27-74
32            </intent-filter>
33        </activity>
34        <activity android:name="com.shj.mystudy.ui.RxJavaActivity" /> <!-- 授权页面 -->
34-->src/main/AndroidManifest.xml:26:9-55
34-->src/main/AndroidManifest.xml:26:19-52
35        <activity
35-->src/main/AndroidManifest.xml:27:9-49:20
36            android:name="com.shj.mystudy.ui.AuthorizationLoginActivity"
36-->src/main/AndroidManifest.xml:28:13-58
37            android:launchMode="singleTask"
37-->src/main/AndroidManifest.xml:29:13-44
38            android:taskAffinity="" >
38-->src/main/AndroidManifest.xml:30:13-36
39
40            <!--
41                <intent-filter>
42                <action android:name="android.intent.action.DELETE" />
43
44                <category android:name="android.intent.category.LAUNCHER" />
45            </intent-filter>
46            -->
47            <intent-filter>
47-->src/main/AndroidManifest.xml:39:13-48:29
48                <data
48-->src/main/AndroidManifest.xml:40:17-43:43
49                    android:host="com.kx.bapp"
49-->src/main/AndroidManifest.xml:41:21-47
50                    android:path="/sign"
50-->src/main/AndroidManifest.xml:42:21-41
51                    android:scheme="kx" />
51-->src/main/AndroidManifest.xml:43:21-40
52
53                <action android:name="android.intent.action.VIEW" />
53-->src/main/AndroidManifest.xml:45:17-69
53-->src/main/AndroidManifest.xml:45:25-66
54
55                <category android:name="android.intent.category.DEFAULT" />
55-->src/main/AndroidManifest.xml:47:17-76
55-->src/main/AndroidManifest.xml:47:27-73
56            </intent-filter>
57        </activity>
58    </application>
59
60</manifest>